2025-05-07 15:49:24,358 [INFO] Using local mock root: SharePoint Automation
2025-05-07 15:51:00,881 [INFO] Using local mock root: SharePoint Automation
2025-05-07 15:55:38,827 [INFO] Using local mock root: SharePoint Automation
2025-05-07 15:59:01,357 [INFO] Using local mock root: SharePoint Automation
2025-05-07 16:40:46,612 [INFO] Using local mock root: SharePoint Automation
2025-05-07 16:42:38,949 [INFO] Created 1001_2A_lease_leadpaint_xrf.pdf
2025-05-07 16:42:41,533 [INFO] Created 1001_2B_lease_leadpaint_xrf.pdf
2025-05-07 16:42:45,009 [INFO] Created 1001_2C_lease_leadpaint_xrf.pdf
2025-05-07 16:42:47,526 [INFO] Created 1001_2D_lease_leadpaint_xrf.pdf
2025-05-07 16:42:50,541 [INFO] Created 1001_2E_lease_leadpaint_xrf.pdf
2025-05-07 16:42:53,492 [INFO] Created 1001_2F_lease_leadpaint_xrf.pdf
2025-05-07 16:42:56,323 [INFO] Created 1001_2H_lease_leadpaint_xrf.pdf
2025-05-07 16:42:58,652 [INFO] Created 1001_3A_lease_leadpaint_xrf.pdf
2025-05-07 16:43:01,207 [INFO] Created 1001_3B_lease_leadpaint_xrf.pdf
2025-05-07 16:43:04,283 [INFO] Created 1001_3C_lease_leadpaint_xrf.pdf
2025-05-07 16:43:07,270 [INFO] Created 1001_3C_lease_leadpaint_xrf.pdf
2025-05-07 16:43:10,198 [INFO] Created 1001_3D_lease_leadpaint_xrf.pdf
2025-05-07 16:43:10,944 [INFO] Using local mock root: SharePoint Automation
2025-05-07 16:43:12,673 [INFO] Created 1001_3E_lease_leadpaint_xrf.pdf
2025-05-07 16:45:02,428 [INFO] Using local mock root: SharePoint Automation
2025-05-07 16:45:11,668 [INFO] Created 1001_3F_lease_leadpaint_xrf.pdf
2025-05-07 16:45:14,329 [INFO] Created 1001_3G_lease_leadpaint_xrf.pdf
2025-05-07 16:45:16,701 [INFO] Created 1001_3H_lease_leadpaint_xrf.pdf
2025-05-07 16:45:18,876 [INFO] Created 1001_4A_lease_leadpaint_xrf.pdf
2025-05-07 16:45:21,385 [INFO] Created 1001_4B_lease_leadpaint_xrf.pdf
2025-05-07 16:45:23,738 [INFO] Created 1001_4D_lease_leadpaint_xrf.pdf
2025-05-07 16:45:26,006 [INFO] Created 1001_4E_lease_leadpaint_xrf.pdf
2025-05-07 16:45:29,247 [INFO] Created 1001_4F_lease_leadpaint_xrf.pdf
2025-05-07 16:45:31,714 [INFO] Created 1001_4H_lease_leadpaint_xrf.pdf
2025-05-07 16:45:35,574 [INFO] Created 1001_5AB_lease_leadpaint_xrf.pdf
2025-05-07 16:47:09,711 [INFO] Using local mock root: SharePoint Automation
